#
# There is insufficient memory for the Java Runtime Environment to continue.
# Native memory allocation (malloc) failed to allocate 1470256 bytes for Chunk::new
# Possible reasons:
#   The system is out of physical RAM or swap space
#   The process is running with CompressedOops enabled, and the Java Heap may be blocking the growth of the native heap
# Possible solutions:
#   Reduce memory load on the system
#   Increase physical memory or swap space
#   Check if swap backing store is full
#   Decrease Java heap size (-Xmx/-Xms)
#   Decrease number of Java threads
#   Decrease Java thread stack sizes (-Xss)
#   Set larger code cache with -XX:ReservedCodeCacheSize=
#   JVM is running with Unscaled Compressed Oops mode in which the Java heap is
#     placed in the first 4GB address space. The Java Heap base address is the
#     maximum limit for the native heap growth. Please use -XX:HeapBaseMinAddress
#     to set the Java Heap base and to place the Java Heap above 4GB virtual address.
# This output file may be truncated or incomplete.
#
#  Out of Memory Error (arena.cpp:189), pid=17064, tid=4964
#
# JRE version: OpenJDK Runtime Environment Zulu17.30+15-CA (17.0.1+12) (build 17.0.1+12-LTS)
# Java VM: OpenJDK 64-Bit Server VM Zulu17.30+15-CA (17.0.1+12-LTS, mixed mode, sharing, tiered, compressed oops, compressed class ptrs, g1 gc, windows-amd64)
# No core dump will be written. Minidumps are not enabled by default on client versions of Windows
#

---------------  S U M M A R Y ------------

Command Line: -Dcom.sun.management.jmxremote -Dcom.sun.management.jmxremote.port=55220 -Dcom.sun.management.jmxremote.authenticate=false -Dcom.sun.management.jmxremote.ssl=false -Djava.rmi.server.hostname=localhost -Dspring.application.admin.enabled=true -Dspring.jmx.enabled=true -Dspring.boot.project.name=gatewayserver -XX:+ShowCodeDetailsInExceptionMessages com.eazybytes.gatewayserver.GatewayserverApplication

Host: Intel(R) Core(TM) i5-7200U CPU @ 2.50GHz, 4 cores, 3G,  Windows 10 , 64 bit Build 19041 (10.0.19041.1889)
Time: Wed Sep 14 17:01:25 2022 Hora oficial do Brasil elapsed time: 452.944338 seconds (0d 0h 7m 32s)

---------------  T H R E A D  ---------------

Current thread (0x00000163a9ef3be0):  JavaThread "C2 CompilerThread0" daemon [_thread_in_native, id=4964, stack(0x000000025fc00000,0x000000025fd00000)]


Current CompileTask:
C2: 452945 9659   !   4       org.springframework.beans.factory.support.AbstractBeanFactory::doGetBean (832 bytes)

Stack: [0x000000025fc00000,0x000000025fd00000]
Native frames: (J=compiled Java code, j=interpreted, Vv=VM code, C=native code)
V  [jvm.dll+0x674d3a]
V  [jvm.dll+0x82ef34]
V  [jvm.dll+0x8306de]
V  [jvm.dll+0x830d43]
V  [jvm.dll+0x245365]
V  [jvm.dll+0xab9eb]
V  [jvm.dll+0xabf7c]
V  [jvm.dll+0x363122]
V  [jvm.dll+0x32d581]
V  [jvm.dll+0x32ca2a]
V  [jvm.dll+0x218301]
V  [jvm.dll+0x217721]
V  [jvm.dll+0x1a386d]
V  [jvm.dll+0x227078]
V  [jvm.dll+0x2251dc]
V  [jvm.dll+0x7e497b]
V  [jvm.dll+0x7def3a]
V  [jvm.dll+0x673b65]
C  [ucrtbase.dll+0x21bb2]
C  [KERNEL32.DLL+0x17034]
C  [ntdll.dll+0x52651]


---------------  P R O C E S S  ---------------

Threads class SMR info:
_java_thread_list=0x00000163ac538ae0, length=42, elements={
0x000001638eb23170, 0x000001638eb23fe0, 0x000001638eb3c020, 0x000001638eb3e350,
0x00000163a9ef0fe0, 0x00000163a9ef18a0, 0x00000163a9ef3be0, 0x00000163a9efc4f0,
0x00000163a9f0d5b0, 0x00000163a9eec0d0, 0x00000163aaac3630, 0x00000163ab1c2690,
0x00000163ab214690, 0x00000163ab2541a0, 0x00000163ab9e1750, 0x00000163ab9e08e0,
0x00000163ab9dec00, 0x00000163ade2da00, 0x00000163ade2d530, 0x00000163ade30550,
0x00000163ade2ed40, 0x00000163ade313c0, 0x00000163ade30a20, 0x00000163ade30ef0,
0x00000163ade32230, 0x00000163ade2f6e0, 0x00000163ade343e0, 0x00000163ade32700,
0x00000163ade31d60, 0x00000163ade330a0, 0x00000163ade33570, 0x00000163ade30080,
0x00000163ade33a40, 0x00000163ade2d060, 0x00000163ab9e1c20, 0x00000163ab9dfa70,
0x00000163ab9dff40, 0x00000163ab9e20f0, 0x00000163ab9e0410, 0x00000163ab9de730,
0x00000163ab9df0d0, 0x00000163ab9df5a0
}

Java Threads: ( => current thread )
  0x000001638eb23170 JavaThread "Reference Handler" daemon [_thread_blocked, id=8164, stack(0x000000025f600000,0x000000025f700000)]
  0x000001638eb23fe0 JavaThread "Finalizer" daemon [_thread_blocked, id=3292, stack(0x000000025f700000,0x000000025f800000)]
  0x000001638eb3c020 JavaThread "Signal Dispatcher" daemon [_thread_blocked, id=14724, stack(0x000000025f800000,0x000000025f900000)]
  0x000001638eb3e350 JavaThread "Attach Listener" daemon [_thread_blocked, id=8020, stack(0x000000025f900000,0x000000025fa00000)]
  0x00000163a9ef0fe0 JavaThread "Service Thread" daemon [_thread_blocked, id=11228, stack(0x000000025fa00000,0x000000025fb00000)]
  0x00000163a9ef18a0 JavaThread "Monitor Deflation Thread" daemon [_thread_blocked, id=7864, stack(0x000000025fb00000,0x000000025fc00000)]
=>0x00000163a9ef3be0 JavaThread "C2 CompilerThread0" daemon [_thread_in_native, id=4964, stack(0x000000025fc00000,0x000000025fd00000)]
  0x00000163a9efc4f0 JavaThread "C1 CompilerThread0" daemon [_thread_blocked, id=15128, stack(0x000000025fd00000,0x000000025fe00000)]
  0x00000163a9f0d5b0 JavaThread "Sweeper thread" daemon [_thread_blocked, id=4812, stack(0x000000025fe00000,0x000000025ff00000)]
  0x00000163a9eec0d0 JavaThread "Common-Cleaner" daemon [_thread_blocked, id=10068, stack(0x000000025ff00000,0x0000000260000000)]
  0x00000163aaac3630 JavaThread "Notification Thread" daemon [_thread_blocked, id=17084, stack(0x0000000260000000,0x0000000260100000)]
  0x00000163ab1c2690 JavaThread "RMI TCP Accept-0" daemon [_thread_in_native, id=17008, stack(0x0000000260300000,0x0000000260400000)]
  0x00000163ab214690 JavaThread "RMI TCP Accept-55220" daemon [_thread_in_native, id=7036, stack(0x0000000260400000,0x0000000260500000)]
  0x00000163ab2541a0 JavaThread "RMI TCP Accept-0" daemon [_thread_in_native, id=10992, stack(0x0000000260500000,0x0000000260600000)]
  0x00000163ab9e1750 JavaThread "boundedElastic-evictor-1" daemon [_thread_blocked, id=11692, stack(0x0000000260c00000,0x0000000260d00000)]
  0x00000163ab9e08e0 JavaThread "parallel-1" daemon [_thread_blocked, id=15896, stack(0x0000000260f00000,0x0000000261000000)]
  0x00000163ab9dec00 JavaThread "Thread-11" daemon [_thread_in_native, id=7312, stack(0x0000000261400000,0x0000000261500000)]
  0x00000163ade2da00 JavaThread "Live Reload Server" daemon [_thread_in_native, id=17312, stack(0x0000000261700000,0x0000000261800000)]
  0x00000163ade2d530 JavaThread "DestroyJavaVM" [_thread_blocked, id=15956, stack(0x000000025ef00000,0x000000025f000000)]
  0x00000163ade30550 JavaThread "parallel-2" daemon [_thread_blocked, id=12648, stack(0x000000025ec00000,0x000000025ed00000)]
  0x00000163ade2ed40 JavaThread "parallel-3" daemon [_thread_blocked, id=8588, stack(0x000000025ee00000,0x000000025ef00000)]
  0x00000163ade313c0 JavaThread "parallel-4" daemon [_thread_blocked, id=10500, stack(0x0000000260b00000,0x0000000260c00000)]
  0x00000163ade30a20 JavaThread "pool-12-thread-1" daemon [_thread_blocked, id=10016, stack(0x0000000260800000,0x0000000260900000)]
  0x00000163ade30ef0 JavaThread "File Watcher" daemon [_thread_blocked, id=16716, stack(0x0000000260900000,0x0000000260a00000)]
  0x00000163ade32230 JavaThread "File Watcher" daemon [_thread_blocked, id=15268, stack(0x0000000261200000,0x0000000261300000)]
  0x00000163ade2f6e0 JavaThread "spring.cloud.inetutils" daemon [_thread_blocked, id=9792, stack(0x0000000261300000,0x0000000261400000)]
  0x00000163ade343e0 JavaThread "pool-13-thread-1" [_thread_blocked, id=12596, stack(0x0000000261500000,0x0000000261600000)]
  0x00000163ade32700 JavaThread "reactor-http-nio-1" daemon [_thread_in_native, id=9452, stack(0x0000000261600000,0x0000000261700000)]
  0x00000163ade31d60 JavaThread "reactor-http-nio-2" daemon [_thread_in_native, id=10552, stack(0x0000000261800000,0x0000000261900000)]
  0x00000163ade330a0 JavaThread "reactor-http-nio-3" daemon [_thread_in_native, id=10224, stack(0x0000000261900000,0x0000000261a00000)]
  0x00000163ade33570 JavaThread "reactor-http-nio-4" daemon [_thread_in_native, id=15392, stack(0x0000000261a00000,0x0000000261b00000)]
  0x00000163ade30080 JavaThread "File Watcher" daemon [_thread_blocked, id=13276, stack(0x0000000261b00000,0x0000000261c00000)]
  0x00000163ade33a40 JavaThread "AsyncResolver-bootstrap-0" daemon [_thread_blocked, id=13732, stack(0x0000000261c00000,0x0000000261d00000)]
  0x00000163ade2d060 JavaThread "DiscoveryClient-0" daemon [_thread_blocked, id=6224, stack(0x0000000261d00000,0x0000000261e00000)]
  0x00000163ab9e1c20 JavaThread "DiscoveryClient-1" daemon [_thread_blocked, id=15864, stack(0x0000000261e00000,0x0000000261f00000)]
  0x00000163ab9dfa70 JavaThread "DiscoveryClient-InstanceInfoReplicator-0" daemon [_thread_blocked, id=3984, stack(0x0000000261f00000,0x0000000262000000)]
  0x00000163ab9dff40 JavaThread "server" [_thread_blocked, id=16156, stack(0x0000000262000000,0x0000000262100000)]
  0x00000163ab9e20f0 JavaThread "DiscoveryClient-CacheRefreshExecutor-0" daemon [_thread_blocked, id=8892, stack(0x000000025ed00000,0x000000025ee00000)]
  0x00000163ab9e0410 JavaThread "DiscoveryClient-HeartbeatExecutor-0" daemon [_thread_blocked, id=3584, stack(0x0000000261100000,0x0000000261200000)]
  0x00000163ab9de730 JavaThread "AsyncReporter{WebClientSender{http://localhost:9411/api/v2/spans}}" daemon [_thread_blocked, id=14216, stack(0x0000000262100000,0x0000000262200000)]
  0x00000163ab9df0d0 JavaThread "boundedElastic-2" daemon [_thread_blocked, id=9244, stack(0x0000000261000000,0x0000000261100000)]
  0x00000163ab9df5a0 JavaThread "pool-21-thread-1" daemon [_thread_blocked, id=3872, stack(0x0000000262200000,0x0000000262300000)]

Other Threads:
  0x000001638eb1d570 VMThread "VM Thread" [stack: 0x000000025f500000,0x000000025f600000] [id=14472]
  0x000001638eac8ba0 WatcherThread [stack: 0x0000000260600000,0x0000000260700000] [id=1072]
  0x000001638eaad9a0 GCTaskThread "GC Thread#0" [stack: 0x000000025f000000,0x000000025f100000] [id=3148]
  0x00000163aad1ea80 GCTaskThread "GC Thread#1" [stack: 0x0000000260100000,0x0000000260200000] [id=16808]
  0x00000163aae0aa70 GCTaskThread "GC Thread#2" [stack: 0x0000000260200000,0x0000000260300000] [id=6940]
  0x00000163ab9cc410 GCTaskThread "GC Thread#3" [stack: 0x0000000260700000,0x0000000260800000] [id=14500]
  0x000001638eab6660 ConcurrentGCThread "G1 Main Marker" [stack: 0x000000025f100000,0x000000025f200000] [id=15964]
  0x000001638eab7810 ConcurrentGCThread "G1 Conc#0" [stack: 0x000000025f200000,0x000000025f300000] [id=12024]
  0x000001638eaf9b80 ConcurrentGCThread "G1 Refine#0" [stack: 0x000000025f300000,0x000000025f400000] [id=2940]
  0x000001638eafa5a0 ConcurrentGCThread "G1 Service" [stack: 0x000000025f400000,0x000000025f500000] [id=9700]

Threads with active compile tasks:
C2 CompilerThread0   453077 9659   !   4       org.springframework.beans.factory.support.AbstractBeanFactory::doGetBean (832 bytes)

VM state: not at safepoint (normal execution)

VM Mutex/Monitor currently owned by a thread: None

Heap address: 0x00000000c1400000, size: 1004 MB, Compressed Oops mode: 32-bit

CDS archive(s) mapped at: [0x0000000800000000-0x0000000800bc0000-0x0000000800bc0000), size 12320768, SharedBaseAddress: 0x0000000800000000, ArchiveRelocationMode: 0.
Compressed class space mapped at: 0x0000000800c00000-0x0000000840c00000, reserved size: 1073741824
Narrow klass base: 0x0000000800000000, Narrow klass shift: 0, Narrow klass range: 0x100000000

GC Precious Log:
 CPUs: 4 total, 4 available
 Memory: 4009M
 Large Page Support: Disabled
 NUMA Support: Disabled
 Compressed Oops: Enabled (32-bit)
 Heap Region Size: 1M
 Heap Min Capacity: 8M
 Heap Initial Capacity: 64M
 Heap Max Capacity: 1004M
 Pre-touch: Disabled
 Parallel Workers: 4
 Concurrent Workers: 1
 Concurrent Refinement Workers: 4
 Periodic GC: Disabled

Heap:
 garbage-first heap   total 95232K, used 57537K [0x00000000c1400000, 0x0000000100000000)
  region size 1024K, 13 young (13312K), 1 survivors (1024K)
 Metaspace       used 64804K, committed 65408K, reserved 1105920K
  class space    used 8654K, committed 8960K, reserved 1048576K

Heap Regions: E=young(eden), S=young(survivor), O=old, HS=humongous(starts), HC=humongous(continues), CS=collection set, F=free, OA=open archive, CA=closed archive, TAMS=top-at-mark-start (previous, next)
|   0|0x00000000c1400000, 0x00000000c1500000, 0x00000000c1500000|100%| O|  |TAMS 0x00000000c1500000, 0x00000000c1400000| Untracked 
|   1|0x00000000c1500000, 0x00000000c15ffff0, 0x00000000c1600000| 99%| O|  |TAMS 0x00000000c15ffff0, 0x00000000c1500000| Untracked 
|   2|0x00000000c1600000, 0x00000000c1700000, 0x00000000c1700000|100%| O|  |TAMS 0x00000000c1700000, 0x00000000c1600000| Untracked 
|   3|0x00000000c1700000, 0x00000000c1800000, 0x00000000c1800000|100%| O|  |TAMS 0x00000000c1800000, 0x00000000c1700000| Untracked 
|   4|0x00000000c1800000, 0x00000000c1900000, 0x00000000c1900000|100%| O|  |TAMS 0x00000000c1900000, 0x00000000c1800000| Untracked 
|   5|0x00000000c1900000, 0x00000000c19ffff0, 0x00000000c1a00000| 99%| O|  |TAMS 0x00000000c19ffff0, 0x00000000c1900000| Untracked 
|   6|0x00000000c1a00000, 0x00000000c1afffe0, 0x00000000c1b00000| 99%| O|  |TAMS 0x00000000c1afffe0, 0x00000000c1a00000| Untracked 
|   7|0x00000000c1b00000, 0x00000000c1c00000, 0x00000000c1c00000|100%| O|  |TAMS 0x00000000c1c00000, 0x00000000c1b00000| Untracked 
|   8|0x00000000c1c00000, 0x00000000c1cffff0, 0x00000000c1d00000| 99%| O|  |TAMS 0x00000000c1cffff0, 0x00000000c1c00000| Untracked 
|   9|0x00000000c1d00000, 0x00000000c1dfffe0, 0x00000000c1e00000| 99%| O|  |TAMS 0x00000000c1dfffe0, 0x00000000c1d00000| Untracked 
|  10|0x00000000c1e00000, 0x00000000c1efff80, 0x00000000c1f00000| 99%| O|  |TAMS 0x00000000c1efff80, 0x00000000c1e00000| Untracked 
|  11|0x00000000c1f00000, 0x00000000c1fffff8, 0x00000000c2000000| 99%| O|  |TAMS 0x00000000c1fffff8, 0x00000000c1f00000| Untracked 
|  12|0x00000000c2000000, 0x00000000c20fffd8, 0x00000000c2100000| 99%| O|  |TAMS 0x00000000c20fffd8, 0x00000000c2000000| Untracked 
|  13|0x00000000c2100000, 0x00000000c21fffc0, 0x00000000c2200000| 99%| O|  |TAMS 0x00000000c21fffc0, 0x00000000c2100000| Untracked 
|  14|0x00000000c2200000, 0x00000000c22ffff8, 0x00000000c2300000| 99%| O|  |TAMS 0x00000000c22ffff8, 0x00000000c2200000| Untracked 
|  15|0x00000000c2300000, 0x00000000c23fffe8, 0x00000000c2400000| 99%| O|  |TAMS 0x00000000c23fffe8, 0x00000000c2300000| Untracked 
|  16|0x00000000c2400000, 0x00000000c24ffff0, 0x00000000c2500000| 99%| O|  |TAMS 0x00000000c24ffff0, 0x00000000c2400000| Untracked 
|  17|0x00000000c2500000, 0x00000000c25fffe8, 0x00000000c2600000| 99%| O|  |TAMS 0x00000000c25fffe8, 0x00000000c2500000| Untracked 
|  18|0x00000000c2600000, 0x00000000c26ffff8, 0x00000000c2700000| 99%| O|  |TAMS 0x00000000c26ffff8, 0x00000000c2600000| Untracked 
|  19|0x00000000c2700000, 0x00000000c27fffb8, 0x00000000c2800000| 99%| O|  |TAMS 0x00000000c27fffb8, 0x00000000c2700000| Untracked 
|  20|0x00000000c2800000, 0x00000000c28ffe40, 0x00000000c2900000| 99%| O|  |TAMS 0x00000000c28ffe40, 0x00000000c2800000| Untracked 
|  21|0x00000000c2900000, 0x00000000c29fffc8, 0x00000000c2a00000| 99%| O|  |TAMS 0x00000000c29fffc8, 0x00000000c2900000| Untracked 
|  22|0x00000000c2a00000, 0x00000000c2b00000, 0x00000000c2b00000|100%| O|  |TAMS 0x00000000c2b00000, 0x00000000c2a00000| Untracked 
|  23|0x00000000c2b00000, 0x00000000c2c00000, 0x00000000c2c00000|100%| O|  |TAMS 0x00000000c2c00000, 0x00000000c2b00000| Untracked 
|  24|0x00000000c2c00000, 0x00000000c2cffff0, 0x00000000c2d00000| 99%| O|  |TAMS 0x00000000c2cffff0, 0x00000000c2c00000| Untracked 
|  25|0x00000000c2d00000, 0x00000000c2dfbb40, 0x00000000c2e00000| 98%| O|  |TAMS 0x00000000c2dfbb40, 0x00000000c2d00000| Untracked 
|  26|0x00000000c2e00000, 0x00000000c2f00000, 0x00000000c2f00000|100%| O|  |TAMS 0x00000000c2f00000, 0x00000000c2e00000| Untracked 
|  27|0x00000000c2f00000, 0x00000000c2fffec0, 0x00000000c3000000| 99%| O|  |TAMS 0x00000000c2fffec0, 0x00000000c2f00000| Untracked 
|  28|0x00000000c3000000, 0x00000000c3100000, 0x00000000c3100000|100%| O|  |TAMS 0x00000000c3100000, 0x00000000c3000000| Untracked 
|  29|0x00000000c3100000, 0x00000000c3200000, 0x00000000c3200000|100%| O|  |TAMS 0x00000000c3200000, 0x00000000c3100000| Untracked 
|  30|0x00000000c3200000, 0x00000000c328dbd8, 0x00000000c3300000| 55%| O|  |TAMS 0x00000000c328dbd8, 0x00000000c3200000| Untracked 
|  31|0x00000000c3300000, 0x00000000c3400000, 0x00000000c3400000|100%| O|  |TAMS 0x00000000c3300000, 0x00000000c3300000| Untracked 
|  32|0x00000000c3400000, 0x00000000c3500000, 0x00000000c3500000|100%| O|  |TAMS 0x00000000c3400000, 0x00000000c3400000| Untracked 
|  33|0x00000000c3500000, 0x00000000c3600000, 0x00000000c3600000|100%| O|  |TAMS 0x00000000c3600000, 0x00000000c3500000| Untracked 
|  34|0x00000000c3600000, 0x00000000c3700000, 0x00000000c3700000|100%| O|  |TAMS 0x00000000c3700000, 0x00000000c3600000| Untracked 
|  35|0x00000000c3700000, 0x00000000c3800000, 0x00000000c3800000|100%| O|  |TAMS 0x00000000c3700000, 0x00000000c3700000| Untracked 
|  36|0x00000000c3800000, 0x00000000c3830600, 0x00000000c3900000| 18%| O|  |TAMS 0x00000000c3800000, 0x00000000c3800000| Untracked 
|  37|0x00000000c3900000, 0x00000000c3900000, 0x00000000c3a00000|  0%| F|  |TAMS 0x00000000c3900000, 0x00000000c3900000| Untracked 
|  38|0x00000000c3a00000, 0x00000000c3b00000, 0x00000000c3b00000|100%| O|  |TAMS 0x00000000c3b00000, 0x00000000c3a00000| Untracked 
|  39|0x00000000c3b00000, 0x00000000c3c00000, 0x00000000c3c00000|100%| O|  |TAMS 0x00000000c3c00000, 0x00000000c3b00000| Untracked 
|  40|0x00000000c3c00000, 0x00000000c3d00000, 0x00000000c3d00000|100%| O|  |TAMS 0x00000000c3d00000, 0x00000000c3c00000| Untracked 
|  41|0x00000000c3d00000, 0x00000000c3e00000, 0x00000000c3e00000|100%| O|  |TAMS 0x00000000c3e00000, 0x00000000c3d00000| Untracked 
|  42|0x00000000c3e00000, 0x00000000c3e00000, 0x00000000c3f00000|  0%| F|  |TAMS 0x00000000c3e00000, 0x00000000c3e00000| Untracked 
|  43|0x00000000c3f00000, 0x00000000c3f00000, 0x00000000c4000000|  0%| F|  |TAMS 0x00000000c3f00000, 0x00000000c3f00000| Untracked 
|  44|0x00000000c4000000, 0x00000000c4100000, 0x00000000c4100000|100%| O|  |TAMS 0x00000000c4100000, 0x00000000c4000000| Untracked 
|  45|0x00000000c4100000, 0x00000000c4200000, 0x00000000c4200000|100%| O|  |TAMS 0x00000000c4200000, 0x00000000c4100000| Untracked 
|  46|0x00000000c4200000, 0x00000000c4300000, 0x00000000c4300000|100%| O|  |TAMS 0x00000000c4300000, 0x00000000c4200000| Untracked 
|  47|0x00000000c4300000, 0x00000000c4400000, 0x00000000c4400000|100%| O|  |TAMS 0x00000000c4400000, 0x00000000c4300000| Untracked 
|  48|0x00000000c4400000, 0x00000000c4500000, 0x00000000c4500000|100%| O|  |TAMS 0x00000000c445ae00, 0x00000000c4400000| Untracked 
|  49|0x00000000c4500000, 0x00000000c4500000, 0x00000000c4600000|  0%| F|  |TAMS 0x00000000c4500000, 0x00000000c4500000| Untracked 
|  50|0x00000000c4600000, 0x00000000c4600000, 0x00000000c4700000|  0%| F|  |TAMS 0x00000000c4600000, 0x00000000c4600000| Untracked 
|  51|0x00000000c4700000, 0x00000000c4700000, 0x00000000c4800000|  0%| F|  |TAMS 0x00000000c4700000, 0x00000000c4700000| Untracked 
|  52|0x00000000c4800000, 0x00000000c4800000, 0x00000000c4900000|  0%| F|  |TAMS 0x00000000c4800000, 0x00000000c4800000| Untracked 
|  53|0x00000000c4900000, 0x00000000c4900000, 0x00000000c4a00000|  0%| F|  |TAMS 0x00000000c4900000, 0x00000000c4900000| Untracked 
|  54|0x00000000c4a00000, 0x00000000c4a00000, 0x00000000c4b00000|  0%| F|  |TAMS 0x00000000c4a00000, 0x00000000c4a00000| Untracked 
|  55|0x00000000c4b00000, 0x00000000c4b00000, 0x00000000c4c00000|  0%| F|  |TAMS 0x00000000c4b00000, 0x00000000c4b00000| Untracked 
|  56|0x00000000c4c00000, 0x00000000c4c00000, 0x00000000c4d00000|  0%| F|  |TAMS 0x00000000c4c00000, 0x00000000c4c00000| Untracked 
|  57|0x00000000c4d00000, 0x00000000c4d00000, 0x00000000c4e00000|  0%| F|  |TAMS 0x00000000c4d00000, 0x00000000c4d00000| Untracked 
|  58|0x00000000c4e00000, 0x00000000c4e00000, 0x00000000c4f00000|  0%| F|  |TAMS 0x00000000c4e00000, 0x00000000c4e00000| Untracked 
|  59|0x00000000c4f00000, 0x00000000c4f00000, 0x00000000c5000000|  0%| F|  |TAMS 0x00000000c4f00000, 0x00000000c4f00000| Untracked 
|  60|0x00000000c5000000, 0x00000000c5000000, 0x00000000c5100000|  0%| F|  |TAMS 0x00000000c5000000, 0x00000000c5000000| Untracked 
|  61|0x00000000c5100000, 0x00000000c5100000, 0x00000000c5200000|  0%| F|  |TAMS 0x00000000c5100000, 0x00000000c5100000| Untracked 
|  62|0x00000000c5200000, 0x00000000c5200000, 0x00000000c5300000|  0%| F|  |TAMS 0x00000000c5200000, 0x00000000c5200000| Untracked 
|  63|0x00000000c5300000, 0x00000000c5300000, 0x00000000c5400000|  0%| F|  |TAMS 0x00000000c5300000, 0x00000000c5300000| Untracked 
|  64|0x00000000c5400000, 0x00000000c5400000, 0x00000000c5500000|  0%| F|  |TAMS 0x00000000c5400000, 0x00000000c5400000| Untracked 
|  65|0x00000000c5500000, 0x00000000c5500000, 0x00000000c5600000|  0%| F|  |TAMS 0x00000000c5500000, 0x00000000c5500000| Untracked 
|  66|0x00000000c5600000, 0x00000000c5600000, 0x00000000c5700000|  0%| F|  |TAMS 0x00000000c5600000, 0x00000000c5600000| Untracked 
|  67|0x00000000c5700000, 0x00000000c5700000, 0x00000000c5800000|  0%| F|  |TAMS 0x00000000c5700000, 0x00000000c5700000| Untracked 
|  68|0x00000000c5800000, 0x00000000c5800000, 0x00000000c5900000|  0%| F|  |TAMS 0x00000000c5800000, 0x00000000c5800000| Untracked 
|  69|0x00000000c5900000, 0x00000000c5900000, 0x00000000c5a00000|  0%| F|  |TAMS 0x00000000c5900000, 0x00000000c5900000| Untracked 
|  70|0x00000000c5a00000, 0x00000000c5a00000, 0x00000000c5b00000|  0%| F|  |TAMS 0x00000000c5a00000, 0x00000000c5a00000| Untracked 
|  71|0x00000000c5b00000, 0x00000000c5b00000, 0x00000000c5c00000|  0%| F|  |TAMS 0x00000000c5b00000, 0x00000000c5b00000| Untracked 
|  72|0x00000000c5c00000, 0x00000000c5c00000, 0x00000000c5d00000|  0%| F|  |TAMS 0x00000000c5c00000, 0x00000000c5c00000| Untracked 
|  73|0x00000000c5d00000, 0x00000000c5d00000, 0x00000000c5e00000|  0%| F|  |TAMS 0x00000000c5d00000, 0x00000000c5d00000| Untracked 
|  74|0x00000000c5e00000, 0x00000000c5e00000, 0x00000000c5f00000|  0%| F|  |TAMS 0x00000000c5e00000, 0x00000000c5e00000| Untracked 
|  75|0x00000000c5f00000, 0x00000000c5f00000, 0x00000000c6000000|  0%| F|  |TAMS 0x00000000c5f00000, 0x00000000c5f00000| Untracked 
|  76|0x00000000c6000000, 0x00000000c6000000, 0x00000000c6100000|  0%| F|  |TAMS 0x00000000c6000000, 0x00000000c6000000| Untracked 
|  77|0x00000000c6100000, 0x00000000c6100000, 0x00000000c6200000|  0%| F|  |TAMS 0x00000000c6100000, 0x00000000c6100000| Untracked 
|  78|0x00000000c6200000, 0x00000000c6200000, 0x00000000c6300000|  0%| F|  |TAMS 0x00000000c6200000, 0x00000000c6200000| Untracked 
|  79|0x00000000c6300000, 0x00000000c6300000, 0x00000000c6400000|  0%| F|  |TAMS 0x00000000c6300000, 0x00000000c6300000| Untracked 
|  80|0x00000000c6400000, 0x00000000c64b8230, 0x00000000c6500000| 71%| E|  |TAMS 0x00000000c6400000, 0x00000000c6400000| Complete 
|  81|0x00000000c6500000, 0x00000000c6600000, 0x00000000c6600000|100%| E|CS|TAMS 0x00000000c6500000, 0x00000000c6500000| Complete 
|  82|0x00000000c6600000, 0x00000000c6700000, 0x00000000c6700000|100%| E|CS|TAMS 0x00000000c6600000, 0x00000000c6600000| Complete 
|  83|0x00000000c6700000, 0x00000000c6800000, 0x00000000c6800000|100%| E|CS|TAMS 0x00000000c6700000, 0x00000000c6700000| Complete 
|  84|0x00000000c6800000, 0x00000000c6900000, 0x00000000c6900000|100%| E|CS|TAMS 0x00000000c6800000, 0x00000000c6800000| Complete 
|  85|0x00000000c6900000, 0x00000000c6a00000, 0x00000000c6a00000|100%| E|CS|TAMS 0x00000000c6900000, 0x00000000c6900000| Complete 
|  86|0x00000000c6a00000, 0x00000000c6b00000, 0x00000000c6b00000|100%| E|CS|TAMS 0x00000000c6a00000, 0x00000000c6a00000| Complete 
|  87|0x00000000c6b00000, 0x00000000c6c00000, 0x00000000c6c00000|100%| E|CS|TAMS 0x00000000c6b00000, 0x00000000c6b00000| Complete 
|  88|0x00000000c6c00000, 0x00000000c6d00000, 0x00000000c6d00000|100%| E|CS|TAMS 0x00000000c6c00000, 0x00000000c6c00000| Complete 
|  89|0x00000000c6d00000, 0x00000000c6e00000, 0x00000000c6e00000|100%| E|CS|TAMS 0x00000000c6d00000, 0x00000000c6d00000| Complete 
|  90|0x00000000c6e00000, 0x00000000c6f00000, 0x00000000c6f00000|100%| E|CS|TAMS 0x00000000c6e00000, 0x00000000c6e00000| Complete 
|  91|0x00000000c6f00000, 0x00000000c6f76ce0, 0x00000000c7000000| 46%| S|CS|TAMS 0x00000000c6f00000, 0x00000000c6f00000| Complete 
|  92|0x00000000c7000000, 0x00000000c7100000, 0x00000000c7100000|100%| E|CS|TAMS 0x00000000c7000000, 0x00000000c7000000| Complete 

Card table byte_map: [0x00000163a5730000,0x00000163a5930000] _byte_map_base: 0x00000163a5126000

Marking Bits (Prev, Next): (CMBitMap*) 0x000001638eaadff0, (CMBitMap*) 0x000001638eaadfb0
 Prev Bits: [0x00000163a6ae0000, 0x00000163a7a90000)
 Next Bits: [0x00000163a5b30000, 0x00000163a6ae0000)

Polling page: 0x000001638e240000

Metaspace:

Usage:
  Non-class:     54.83 MB used.
      Class:      8.45 MB used.
       Both:     63.29 MB used.

Virtual space:
  Non-class space:       56.00 MB reserved,      55.12 MB ( 98%) committed,  7 nodes.
      Class space:        1.00 GB reserved,       8.75 MB ( <1%) committed,  1 nodes.
             Both:        1.05 GB reserved,      63.88 MB (  6%) committed. 

Chunk freelists:
   Non-Class:  576.00 KB
       Class:  3.26 MB
        Both:  3.82 MB

MaxMetaspaceSize: unlimited
CompressedClassSpaceSize: 1.00 GB
Initial GC threshold: 21.00 MB
Current GC threshold: 105.62 MB
CDS: on
MetaspaceReclaimPolicy: balanced
 - commit_granule_bytes: 65536.
 - commit_granule_words: 8192.
 - virtual_space_node_default_size: 1048576.
 - enlarge_chunks_in_place: 1.
 - new_chunks_are_fully_committed: 0.
 - uncommit_free_chunks: 1.
 - use_allocation_guard: 0.
 - handle_deallocations: 1.


Internal statistics:

num_allocs_failed_limit: 12.
num_arena_births: 866.
num_arena_deaths: 0.
num_vsnodes_births: 8.
num_vsnodes_deaths: 0.
num_space_committed: 1022.
num_space_uncommitted: 0.
num_chunks_returned_to_freelist: 12.
num_chunks_taken_from_freelist: 3397.
num_chunk_merges: 12.
num_chunk_splits: 2202.
num_chunks_enlarged: 1521.
num_purges: 0.
num_inconsistent_stats: 0.

CodeHeap 'non-profiled nmethods': size=120000Kb used=6195Kb max_used=6195Kb free=113805Kb
 bounds [0x000001639e000000, 0x000001639e610000, 0x00000163a5530000]
CodeHeap 'profiled nmethods': size=120000Kb used=14987Kb max_used=14987Kb free=105012Kb
 bounds [0x0000016396ad0000, 0x0000016397980000, 0x000001639e000000]
CodeHeap 'non-nmethods': size=5760Kb used=1315Kb max_used=1410Kb free=4444Kb
 bounds [0x0000016396530000, 0x00000163967a0000, 0x0000016396ad0000]
 total_blobs=8591 nmethods=7944 adapters=559
 compilation: enabled
              stopped_count=0, restarted_count=0
 full_count=0

Compilation events (20 events):
Event: 452.032 Thread 0x00000163a9efc4f0 9661       1       org.springframework.cloud.gateway.handler.predicate.PredicateDefinition::setName (6 bytes)
Event: 452.034 Thread 0x00000163a9efc4f0 nmethod 9661 0x000001639e60ae10 code [0x000001639e60afa0, 0x000001639e60b0b8]
Event: 452.034 Thread 0x00000163a9efc4f0 9662       1       org.springframework.cloud.gateway.filter.FilterDefinition::setName (6 bytes)
Event: 452.035 Thread 0x00000163a9efc4f0 nmethod 9662 0x000001639e60b110 code [0x000001639e60b2a0, 0x000001639e60b3b8]
Event: 452.035 Thread 0x00000163a9efc4f0 9657       1       com.netflix.discovery.InstanceRegionChecker::getLocalRegion (5 bytes)
Event: 452.036 Thread 0x00000163a9efc4f0 nmethod 9657 0x000001639e60b410 code [0x000001639e60b5a0, 0x000001639e60b678]
Event: 452.036 Thread 0x00000163a9efc4f0 9658       1       com.netflix.discovery.shared.Applications$VipIndexSupport::getVipList (5 bytes)
Event: 452.037 Thread 0x00000163a9efc4f0 nmethod 9658 0x000001639e60b710 code [0x000001639e60b8a0, 0x000001639e60b978]
Event: 452.038 Thread 0x00000163a9efc4f0 9660       1       org.springframework.cloud.gateway.discovery.DiscoveryClientRouteDefinitionLocator::lambda$getRouteDefinitions$1 (2 bytes)
Event: 452.041 Thread 0x00000163a9efc4f0 nmethod 9660 0x000001639e60ba10 code [0x000001639e60bba0, 0x000001639e60bc58]
Event: 452.041 Thread 0x00000163a9efc4f0 9663       1       org.springframework.cloud.gateway.route.RouteDefinition::setId (6 bytes)
Event: 452.042 Thread 0x00000163a9efc4f0 nmethod 9663 0x000001639e60bd10 code [0x000001639e60bea0, 0x000001639e60bfb8]
Event: 452.043 Thread 0x00000163a9efc4f0 9664       1       org.springframework.cloud.gateway.route.RouteDefinition::setUri (6 bytes)
Event: 452.044 Thread 0x00000163a9efc4f0 nmethod 9664 0x000001639e60c010 code [0x000001639e60c1a0, 0x000001639e60c2b8]
Event: 452.044 Thread 0x00000163a9efc4f0 9665       1       org.springframework.cloud.gateway.route.RouteDefinition::setMetadata (6 bytes)
Event: 452.045 Thread 0x00000163a9efc4f0 nmethod 9665 0x000001639e60c310 code [0x000001639e60c4a0, 0x000001639e60c5b8]
Event: 452.045 Thread 0x00000163a9efc4f0 9666       1       org.springframework.cloud.gateway.discovery.DiscoveryLocatorProperties::getPredicates (5 bytes)
Event: 452.048 Thread 0x00000163a9efc4f0 nmethod 9666 0x000001639e60c610 code [0x000001639e60c7a0, 0x000001639e60c878]
Event: 452.048 Thread 0x00000163a9efc4f0 9667       1       org.springframework.cloud.gateway.discovery.DiscoveryLocatorProperties::getFilters (5 bytes)
Event: 452.048 Thread 0x00000163a9efc4f0 nmethod 9667 0x000001639e60c910 code [0x000001639e60caa0, 0x000001639e60cb78]

GC Heap History (20 events):
Event: 314.362 GC heap before
{Heap before GC invocations=47 (full 1):
 garbage-first heap   total 72704K, used 56483K [0x00000000c1400000, 0x0000000100000000)
  region size 1024K, 20 young (20480K), 3 survivors (3072K)
 Metaspace       used 63647K, committed 64256K, reserved 1105920K
  class space    used 8579K, committed 8896K, reserved 1048576K
}
Event: 314.374 GC heap after
{Heap after GC invocations=48 (full 1):
 garbage-first heap   total 72704K, used 40621K [0x00000000c1400000, 0x0000000100000000)
  region size 1024K, 2 young (2048K), 2 survivors (2048K)
 Metaspace       used 63647K, committed 64256K, reserved 1105920K
  class space    used 8579K, committed 8896K, reserved 1048576K
}
Event: 315.012 GC heap before
{Heap before GC invocations=49 (full 1):
 garbage-first heap   total 78848K, used 57005K [0x00000000c1400000, 0x0000000100000000)
  region size 1024K, 18 young (18432K), 2 survivors (2048K)
 Metaspace       used 63667K, committed 64256K, reserved 1105920K
  class space    used 8582K, committed 8896K, reserved 1048576K
}
Event: 315.016 GC heap after
{Heap after GC invocations=50 (full 1):
 garbage-first heap   total 95232K, used 41736K [0x00000000c1400000, 0x0000000100000000)
  region size 1024K, 3 young (3072K), 3 survivors (3072K)
 Metaspace       used 63667K, committed 64256K, reserved 1105920K
  class space    used 8582K, committed 8896K, reserved 1048576K
}
Event: 341.696 GC heap before
{Heap before GC invocations=50 (full 1):
 garbage-first heap   total 95232K, used 75528K [0x00000000c1400000, 0x0000000100000000)
  region size 1024K, 36 young (36864K), 3 survivors (3072K)
 Metaspace       used 63804K, committed 64384K, reserved 1105920K
  class space    used 8591K, committed 8896K, reserved 1048576K
}
Event: 341.755 GC heap after
{Heap after GC invocations=51 (full 1):
 garbage-first heap   total 95232K, used 44812K [0x00000000c1400000, 0x0000000100000000)
  region size 1024K, 5 young (5120K), 5 survivors (5120K)
 Metaspace       used 63804K, committed 64384K, reserved 1105920K
  class space    used 8591K, committed 8896K, reserved 1048576K
}
Event: 344.002 GC heap before
{Heap before GC invocations=51 (full 1):
 garbage-first heap   total 95232K, used 74508K [0x00000000c1400000, 0x0000000100000000)
  region size 1024K, 34 young (34816K), 5 survivors (5120K)
 Metaspace       used 63838K, committed 64448K, reserved 1105920K
  class space    used 8596K, committed 8896K, reserved 1048576K
}
Event: 344.047 GC heap after
{Heap after GC invocations=52 (full 1):
 garbage-first heap   total 95232K, used 45952K [0x00000000c1400000, 0x0000000100000000)
  region size 1024K, 2 young (2048K), 2 survivors (2048K)
 Metaspace       used 63838K, committed 64448K, reserved 1105920K
  class space    used 8596K, committed 8896K, reserved 1048576K
}
Event: 347.028 GC heap before
{Heap before GC invocations=52 (full 1):
 garbage-first heap   total 95232K, used 75648K [0x00000000c1400000, 0x0000000100000000)
  region size 1024K, 31 young (31744K), 2 survivors (2048K)
 Metaspace       used 63967K, committed 64576K, reserved 1105920K
  class space    used 8610K, committed 8896K, reserved 1048576K
}
Event: 347.052 GC heap after
{Heap after GC invocations=53 (full 1):
 garbage-first heap   total 95232K, used 47747K [0x00000000c1400000, 0x0000000100000000)
  region size 1024K, 4 young (4096K), 4 survivors (4096K)
 Metaspace       used 63967K, committed 64576K, reserved 1105920K
  class space    used 8610K, committed 8896K, reserved 1048576K
}
Event: 351.031 GC heap before
{Heap before GC invocations=54 (full 1):
 garbage-first heap   total 95232K, used 74371K [0x00000000c1400000, 0x0000000100000000)
  region size 1024K, 31 young (31744K), 4 survivors (4096K)
 Metaspace       used 64061K, committed 64640K, reserved 1105920K
  class space    used 8611K, committed 8896K, reserved 1048576K
}
Event: 351.053 GC heap after
{Heap after GC invocations=55 (full 1):
 garbage-first heap   total 95232K, used 47930K [0x00000000c1400000, 0x0000000100000000)
  region size 1024K, 4 young (4096K), 4 survivors (4096K)
 Metaspace       used 64061K, committed 64640K, reserved 1105920K
  class space    used 8611K, committed 8896K, reserved 1048576K
}
Event: 351.094 GC heap before
{Heap before GC invocations=55 (full 1):
 garbage-first heap   total 95232K, used 48954K [0x00000000c1400000, 0x0000000100000000)
  region size 1024K, 5 young (5120K), 4 survivors (4096K)
 Metaspace       used 64062K, committed 64640K, reserved 1105920K
  class space    used 8611K, committed 8896K, reserved 1048576K
}
Event: 351.111 GC heap after
{Heap after GC invocations=56 (full 1):
 garbage-first heap   total 95232K, used 43486K [0x00000000c1400000, 0x0000000100000000)
  region size 1024K, 1 young (1024K), 1 survivors (1024K)
 Metaspace       used 64062K, committed 64640K, reserved 1105920K
  class space    used 8611K, committed 8896K, reserved 1048576K
}
Event: 353.213 GC heap before
{Heap before GC invocations=56 (full 1):
 garbage-first heap   total 95232K, used 76254K [0x00000000c1400000, 0x0000000100000000)
  region size 1024K, 33 young (33792K), 1 survivors (1024K)
 Metaspace       used 64185K, committed 64768K, reserved 1105920K
  class space    used 8619K, committed 8896K, reserved 1048576K
}
Event: 353.220 GC heap after
{Heap after GC invocations=57 (full 1):
 garbage-first heap   total 95232K, used 44562K [0x00000000c1400000, 0x0000000100000000)
  region size 1024K, 2 young (2048K), 2 survivors (2048K)
 Metaspace       used 64185K, committed 64768K, reserved 1105920K
  class space    used 8619K, committed 8896K, reserved 1048576K
}
Event: 356.057 GC heap before
{Heap before GC invocations=58 (full 1):
 garbage-first heap   total 95232K, used 77330K [0x00000000c1400000, 0x0000000100000000)
  region size 1024K, 34 young (34816K), 2 survivors (2048K)
 Metaspace       used 64598K, committed 65216K, reserved 1105920K
  class space    used 8651K, committed 8960K, reserved 1048576K
}
Event: 356.095 GC heap after
{Heap after GC invocations=59 (full 1):
 garbage-first heap   total 95232K, used 46919K [0x00000000c1400000, 0x0000000100000000)
  region size 1024K, 4 young (4096K), 4 survivors (4096K)
 Metaspace       used 64598K, committed 65216K, reserved 1105920K
  class space    used 8651K, committed 8960K, reserved 1048576K
}
Event: 356.141 GC heap before
{Heap before GC invocations=59 (full 1):
 garbage-first heap   total 95232K, used 47943K [0x00000000c1400000, 0x0000000100000000)
  region size 1024K, 5 young (5120K), 4 survivors (4096K)
 Metaspace       used 64605K, committed 65216K, reserved 1105920K
  class space    used 8651K, committed 8960K, reserved 1048576K
}
Event: 356.186 GC heap after
{Heap after GC invocations=60 (full 1):
 garbage-first heap   total 95232K, used 46273K [0x00000000c1400000, 0x0000000100000000)
  region size 1024K, 1 young (1024K), 1 survivors (1024K)
 Metaspace       used 64605K, committed 65216K, reserved 1105920K
  class space    used 8651K, committed 8960K, reserved 1048576K
}

Deoptimization events (20 events):
Event: 356.123 Thread 0x00000163ade2f210 Uncommon trap: trap_request=0xffffffde fr.pc=0x000001639e56a8d8 relative=0x0000000000001298
Event: 356.123 Thread 0x00000163ade2f210 Uncommon trap: reason=class_check action=maybe_recompile pc=0x000001639e56a8d8 method=java.lang.reflect.Array.newInstance(Ljava/lang/Class;I)Ljava/lang/Object; @ 2 c2
Event: 356.123 Thread 0x00000163ade2f210 DEOPT PACKING pc=0x000001639e56a8d8 sp=0x00000002611f9820
Event: 356.123 Thread 0x00000163ade2f210 DEOPT UNPACKING pc=0x00000163965823a3 sp=0x00000002611f9790 mode 2
Event: 356.123 Thread 0x00000163ade2f210 Uncommon trap: trap_request=0xffffffde fr.pc=0x000001639e56a8d8 relative=0x0000000000001298
Event: 356.123 Thread 0x00000163ade2f210 Uncommon trap: reason=class_check action=maybe_recompile pc=0x000001639e56a8d8 method=java.lang.reflect.Array.newInstance(Ljava/lang/Class;I)Ljava/lang/Object; @ 2 c2
Event: 356.123 Thread 0x00000163ade2f210 DEOPT PACKING pc=0x000001639e56a8d8 sp=0x00000002611f9820
Event: 356.123 Thread 0x00000163ade2f210 DEOPT UNPACKING pc=0x00000163965823a3 sp=0x00000002611f9790 mode 2
Event: 357.914 Thread 0x00000163ade2f210 Uncommon trap: trap_request=0xffffffc6 fr.pc=0x000001639e59d13c relative=0x00000000000010fc
Event: 357.914 Thread 0x00000163ade2f210 Uncommon trap: reason=bimorphic_or_optimized_type_check action=maybe_recompile pc=0x000001639e59d13c method=java.util.TreeMap.forEach(Ljava/util/function/BiConsumer;)V @ 28 c2
Event: 357.915 Thread 0x00000163ade2f210 DEOPT PACKING pc=0x000001639e59d13c sp=0x00000002611fe350
Event: 357.915 Thread 0x00000163ade2f210 DEOPT UNPACKING pc=0x00000163965823a3 sp=0x00000002611fe340 mode 2
Event: 357.922 Thread 0x00000163ade2f210 Uncommon trap: trap_request=0xffffffc6 fr.pc=0x000001639e0981dc relative=0x0000000000000cfc
Event: 357.922 Thread 0x00000163ade2f210 Uncommon trap: reason=bimorphic_or_optimized_type_check action=maybe_recompile pc=0x000001639e0981dc method=java.util.TreeMap.forEach(Ljava/util/function/BiConsumer;)V @ 28 c2
Event: 357.922 Thread 0x00000163ade2f210 DEOPT PACKING pc=0x000001639e0981dc sp=0x00000002611fe350
Event: 357.922 Thread 0x00000163ade2f210 DEOPT UNPACKING pc=0x00000163965823a3 sp=0x00000002611fe340 mode 2
Event: 397.394 Thread 0x00000163ade32700 Uncommon trap: trap_request=0xffffff45 fr.pc=0x000001639e0d9b10 relative=0x00000000000002d0
Event: 397.396 Thread 0x00000163ade32700 Uncommon trap: reason=unstable_if action=reinterpret pc=0x000001639e0d9b10 method=java.util.LinkedHashMap.get(Ljava/lang/Object;)Ljava/lang/Object; @ 16 c2
Event: 397.398 Thread 0x00000163ade32700 DEOPT PACKING pc=0x000001639e0d9b10 sp=0x00000002616fd380
Event: 397.402 Thread 0x00000163ade32700 DEOPT UNPACKING pc=0x00000163965823a3 sp=0x00000002616fd338 mode 2

Classes unloaded (0 events):
No events

Classes redefined (0 events):
No events

Internal exceptions (20 events):
Event: 315.288 Thread 0x00000163ade343e0 Exception <a 'java/lang/ArrayIndexOutOfBoundsException'{0x00000000c6a51928}> (0x00000000c6a51928) 
thrown [c:\jenkins\workspace\zulu17-build-win64\zulu-src.git\src\hotspot\share\runtime\sharedRuntime.cpp, line 628]
Event: 315.289 Thread 0x00000163ade343e0 Exception <a 'java/lang/ArrayIndexOutOfBoundsException'{0x00000000c6a5d6c0}> (0x00000000c6a5d6c0) 
thrown [c:\jenkins\workspace\zulu17-build-win64\zulu-src.git\src\hotspot\share\runtime\sharedRuntime.cpp, line 628]
Event: 315.289 Thread 0x00000163ade343e0 Exception <a 'java/lang/ArrayIndexOutOfBoundsException'{0x00000000c6a5dc88}> (0x00000000c6a5dc88) 
thrown [c:\jenkins\workspace\zulu17-build-win64\zulu-src.git\src\hotspot\share\runtime\sharedRuntime.cpp, line 628]
Event: 315.510 Thread 0x00000163ade343e0 Exception <a 'java/lang/reflect/InvocationTargetException'{0x00000000c6678ab0}> (0x00000000c6678ab0) 
thrown [c:\jenkins\workspace\zulu17-build-win64\zulu-src.git\src\hotspot\share\runtime\reflection.cpp, line 1121]
Event: 315.647 Thread 0x00000163ade343e0 Exception <a 'java/lang/NoClassDefFoundError'{0x00000000c66c6d28}: liquibase/exception/ChangeLogParseException> (0x00000000c66c6d28) 
thrown [c:\jenkins\workspace\zulu17-build-win64\zulu-src.git\src\hotspot\share\classfile\systemDictionary.cpp, line 245]
Event: 315.648 Thread 0x00000163ade343e0 Exception <a 'java/lang/NoClassDefFoundError'{0x00000000c66ce588}: org/springframework/jdbc/CannotGetJdbcConnectionException> (0x00000000c66ce588) 
thrown [c:\jenkins\workspace\zulu17-build-win64\zulu-src.git\src\hotspot\share\classfile\systemDictionary.cpp, line 245]
Event: 315.704 Thread 0x00000163ade343e0 Exception <a 'java/lang/reflect/InvocationTargetException'{0x00000000c6507468}> (0x00000000c6507468) 
thrown [c:\jenkins\workspace\zulu17-build-win64\zulu-src.git\src\hotspot\share\runtime\reflection.cpp, line 1121]
Event: 340.191 Thread 0x00000163ade330a0 Exception <a 'java/lang/NoClassDefFoundError'{0x00000000c5c7f6f8}: org/glassfish/jersey/server/monitoring/ApplicationEventListener> (0x00000000c5c7f6f8) 
thrown [c:\jenkins\workspace\zulu17-build-win64\zulu-src.git\src\hotspot\share\classfile\systemDictionary.cpp, line 245]
Event: 340.286 Thread 0x00000163ade2f210 Exception <a 'java/lang/NoClassDefFoundError'{0x00000000c5a1cc98}: javax/servlet/Filter> (0x00000000c5a1cc98) 
thrown [c:\jenkins\workspace\zulu17-build-win64\zulu-src.git\src\hotspot\share\classfile\systemDictionary.cpp, line 245]
Event: 344.663 Thread 0x00000163ade2f210 Exception <a 'java/lang/NoClassDefFoundError'{0x00000000c6a8ebc8}: org/flywaydb/core/Flyway> (0x00000000c6a8ebc8) 
thrown [c:\jenkins\workspace\zulu17-build-win64\zulu-src.git\src\hotspot\share\oops\constantPool.cpp, line 835]
Event: 344.663 Thread 0x00000163ade2f210 Exception <a 'java/lang/NoClassDefFoundError'{0x00000000c6a8f218}: liquibase/integration/spring/SpringLiquibase> (0x00000000c6a8f218) 
thrown [c:\jenkins\workspace\zulu17-build-win64\zulu-src.git\src\hotspot\share\oops\constantPool.cpp, line 835]
Event: 345.327 Thread 0x00000163ade2f210 Exception <a 'java/lang/ArrayIndexOutOfBoundsException'{0x00000000c6814f18}> (0x00000000c6814f18) 
thrown [c:\jenkins\workspace\zulu17-build-win64\zulu-src.git\src\hotspot\share\runtime\sharedRuntime.cpp, line 628]
Event: 345.327 Thread 0x00000163ade2f210 Exception <a 'java/lang/ArrayIndexOutOfBoundsException'{0x00000000c68154e0}> (0x00000000c68154e0) 
thrown [c:\jenkins\workspace\zulu17-build-win64\zulu-src.git\src\hotspot\share\runtime\sharedRuntime.cpp, line 628]
Event: 345.515 Thread 0x00000163ade2f210 Exception <a 'java/lang/ArrayIndexOutOfBoundsException'{0x00000000c6844488}> (0x00000000c6844488) 
thrown [c:\jenkins\workspace\zulu17-build-win64\zulu-src.git\src\hotspot\share\runtime\sharedRuntime.cpp, line 628]
Event: 345.515 Thread 0x00000163ade2f210 Exception <a 'java/lang/ArrayIndexOutOfBoundsException'{0x00000000c6844a50}> (0x00000000c6844a50) 
thrown [c:\jenkins\workspace\zulu17-build-win64\zulu-src.git\src\hotspot\share\runtime\sharedRuntime.cpp, line 628]
Event: 345.526 Thread 0x00000163ade2f210 Exception <a 'java/lang/ArrayIndexOutOfBoundsException'{0x00000000c6851ad0}> (0x00000000c6851ad0) 
thrown [c:\jenkins\workspace\zulu17-build-win64\zulu-src.git\src\hotspot\share\runtime\sharedRuntime.cpp, line 628]
Event: 345.526 Thread 0x00000163ade2f210 Exception <a 'java/lang/ArrayIndexOutOfBoundsException'{0x00000000c6852098}> (0x00000000c6852098) 
thrown [c:\jenkins\workspace\zulu17-build-win64\zulu-src.git\src\hotspot\share\runtime\sharedRuntime.cpp, line 628]
Event: 345.529 Thread 0x00000163ade2f210 Exception <a 'java/lang/ArrayIndexOutOfBoundsException'{0x00000000c685e098}> (0x00000000c685e098) 
thrown [c:\jenkins\workspace\zulu17-build-win64\zulu-src.git\src\hotspot\share\runtime\sharedRuntime.cpp, line 628]
Event: 345.529 Thread 0x00000163ade2f210 Exception <a 'java/lang/ArrayIndexOutOfBoundsException'{0x00000000c685e660}> (0x00000000c685e660) 
thrown [c:\jenkins\workspace\zulu17-build-win64\zulu-src.git\src\hotspot\share\runtime\sharedRuntime.cpp, line 628]
Event: 353.357 Thread 0x00000163ade2f210 Implicit null exception at 0x000001639e2cfd60 to 0x000001639e2d2ea5

VM Operations (20 events):
Event: 397.456 Executing VM operation: Cleanup
Event: 397.457 Executing VM operation: Cleanup done
Event: 398.458 Executing VM operation: Cleanup
Event: 398.458 Executing VM operation: Cleanup done
Event: 399.461 Executing VM operation: Cleanup
Event: 399.461 Executing VM operation: Cleanup done
Event: 414.570 Executing VM operation: Cleanup
Event: 414.571 Executing VM operation: Cleanup done
Event: 415.576 Executing VM operation: Cleanup
Event: 415.576 Executing VM operation: Cleanup done
Event: 416.583 Executing VM operation: Cleanup
Event: 416.583 Executing VM operation: Cleanup done
Event: 417.585 Executing VM operation: Cleanup
Event: 417.585 Executing VM operation: Cleanup done
Event: 419.606 Executing VM operation: Cleanup
Event: 419.607 Executing VM operation: Cleanup done
Event: 420.612 Executing VM operation: Cleanup
Event: 420.612 Executing VM operation: Cleanup done
Event: 452.846 Executing VM operation: Cleanup
Event: 452.853 Executing VM operation: Cleanup done

Events (20 events):
Event: 348.041 Thread 0x00000163ade2f6e0 Thread added: 0x00000163ade2f6e0
Event: 353.195 Thread 0x00000163ade343e0 Thread added: 0x00000163ade343e0
Event: 353.491 Thread 0x00000163ade32700 Thread added: 0x00000163ade32700
Event: 353.491 Thread 0x00000163ade31d60 Thread added: 0x00000163ade31d60
Event: 353.492 Thread 0x00000163ade330a0 Thread added: 0x00000163ade330a0
Event: 353.492 Thread 0x00000163ade33570 Thread added: 0x00000163ade33570
Event: 353.963 Thread 0x00000163ade30080 Thread added: 0x00000163ade30080
Event: 355.575 Thread 0x00000163ade33a40 Thread added: 0x00000163ade33a40
Event: 355.872 Thread 0x00000163ade2d060 Thread added: 0x00000163ade2d060
Event: 355.876 Thread 0x00000163ab9e1c20 Thread added: 0x00000163ab9e1c20
Event: 355.879 Thread 0x00000163ab9dfa70 Thread added: 0x00000163ab9dfa70
Event: 356.643 Thread 0x00000163ab9dff40 Thread added: 0x00000163ab9dff40
Event: 357.932 Thread 0x00000163ade2f210 Thread exited: 0x00000163ade2f210
Event: 357.933 Thread 0x00000163ade31890 Thread exited: 0x00000163ade31890
Event: 386.043 Thread 0x00000163ab9e20f0 Thread added: 0x00000163ab9e20f0
Event: 386.044 Thread 0x00000163ab9e0410 Thread added: 0x00000163ab9e0410
Event: 397.539 Thread 0x00000163ab9de730 Thread added: 0x00000163ab9de730
Event: 398.064 Thread 0x00000163ade2ded0 Thread exited: 0x00000163ade2ded0
Event: 414.181 Thread 0x00000163ab9df0d0 Thread added: 0x00000163ab9df0d0
Event: 415.059 Thread 0x00000163ab9df5a0 Thread added: 0x00000163ab9df5a0


Dynamic libraries:
0x00007ff6f44c0000 - 0x00007ff6f44ce000 	D:\Java\zulu17.30.15-ca-jdk17.0.1-win_x64\bin\java.exe
0x00007ffcab930000 - 0x00007ffcabb28000 	C:\Windows\SYSTEM32\ntdll.dll
0x00007ffcaa600000 - 0x00007ffcaa6bd000 	C:\Windows\System32\KERNEL32.DLL
0x00007ffca94d0000 - 0x00007ffca979e000 	C:\Windows\System32\KERNELBASE.dll
0x00007ffca9110000 - 0x00007ffca9210000 	C:\Windows\System32\ucrtbase.dll
0x00007ffca37c0000 - 0x00007ffca37da000 	D:\Java\zulu17.30.15-ca-jdk17.0.1-win_x64\bin\VCRUNTIME140.dll
0x00007ffca3f30000 - 0x00007ffca3f48000 	D:\Java\zulu17.30.15-ca-jdk17.0.1-win_x64\bin\jli.dll
0x00007ffcaa3f0000 - 0x00007ffcaa590000 	C:\Windows\System32\USER32.dll
0x00007ffca90e0000 - 0x00007ffca9102000 	C:\Windows\System32\win32u.dll
0x00007ffca9990000 - 0x00007ffca99ba000 	C:\Windows\System32\GDI32.dll
0x00007ffca9370000 - 0x00007ffca947b000 	C:\Windows\System32\gdi32full.dll
0x00007ffca97a0000 - 0x00007ffca983d000 	C:\Windows\System32\msvcp_win.dll
0x00007ffc91c90000 - 0x00007ffc91f2a000 	C:\Windows\WinSxS\amd64_microsoft.windows.common-controls_6595b64144ccf1df_6.0.19041.1110_none_60b5254171f9507e\COMCTL32.dll
0x00007ffca9aa0000 - 0x00007ffca9b3e000 	C:\Windows\System32\msvcrt.dll
0x00007ffcab090000 - 0x00007ffcab0c0000 	C:\Windows\System32\IMM32.DLL
0x00007ffca3ec0000 - 0x00007ffca3ecc000 	D:\Java\zulu17.30.15-ca-jdk17.0.1-win_x64\bin\vcruntime140_1.dll
0x00007ffca2430000 - 0x00007ffca24bd000 	D:\Java\zulu17.30.15-ca-jdk17.0.1-win_x64\bin\msvcp140.dll
0x00007ffc16880000 - 0x00007ffc174c8000 	D:\Java\zulu17.30.15-ca-jdk17.0.1-win_x64\bin\server\jvm.dll
0x00007ffca9ba0000 - 0x00007ffca9c4e000 	C:\Windows\System32\ADVAPI32.dll
0x00007ffcab6a0000 - 0x00007ffcab73c000 	C:\Windows\System32\sechost.dll
0x00007ffcaa2c0000 - 0x00007ffcaa3e5000 	C:\Windows\System32\RPCRT4.dll
0x00007ffcaa5f0000 - 0x00007ffcaa5f8000 	C:\Windows\System32\PSAPI.DLL
0x00007ffc95220000 - 0x00007ffc95229000 	C:\Windows\SYSTEM32\WSOCK32.dll
0x00007ffc98680000 - 0x00007ffc986a7000 	C:\Windows\SYSTEM32\WINMM.dll
0x00007ffcaaef0000 - 0x00007ffcaaf5b000 	C:\Windows\System32\WS2_32.dll
0x00007ffca3b00000 - 0x00007ffca3b0a000 	C:\Windows\SYSTEM32\VERSION.dll
0x00007ffca6f10000 - 0x00007ffca6f22000 	C:\Windows\SYSTEM32\kernel.appcore.dll
0x00007ffca3640000 - 0x00007ffca364a000 	D:\Java\zulu17.30.15-ca-jdk17.0.1-win_x64\bin\jimage.dll
0x00007ffc98f90000 - 0x00007ffc99174000 	C:\Windows\SYSTEM32\DBGHELP.DLL
0x00007ffc98280000 - 0x00007ffc982ac000 	C:\Windows\SYSTEM32\dbgcore.DLL
0x00007ffca9050000 - 0x00007ffca90d2000 	C:\Windows\System32\bcryptPrimitives.dll
0x00007ffc86a30000 - 0x00007ffc86a55000 	D:\Java\zulu17.30.15-ca-jdk17.0.1-win_x64\bin\java.dll
0x00007ffc5fb10000 - 0x00007ffc5fbe6000 	D:\Java\zulu17.30.15-ca-jdk17.0.1-win_x64\bin\svml.dll
0x00007ffcaa6c0000 - 0x00007ffcaae04000 	C:\Windows\System32\SHELL32.dll
0x00007ffca7110000 - 0x00007ffca78a4000 	C:\Windows\SYSTEM32\windows.storage.dll
0x00007ffcab270000 - 0x00007ffcab5c4000 	C:\Windows\System32\combase.dll
0x00007ffca8ab0000 - 0x00007ffca8ae0000 	C:\Windows\SYSTEM32\Wldp.dll
0x00007ffcab5d0000 - 0x00007ffcab67d000 	C:\Windows\System32\SHCORE.dll
0x00007ffca9c50000 - 0x00007ffca9ca5000 	C:\Windows\System32\shlwapi.dll
0x00007ffca8f90000 - 0x00007ffca8faf000 	C:\Windows\SYSTEM32\profapi.dll
0x00007ffca2410000 - 0x00007ffca2429000 	D:\Java\zulu17.30.15-ca-jdk17.0.1-win_x64\bin\net.dll
0x00007ffc9b430000 - 0x00007ffc9b53a000 	C:\Windows\SYSTEM32\WINHTTP.dll
0x00007ffca87d0000 - 0x00007ffca883a000 	C:\Windows\system32\mswsock.dll
0x00007ffc893e0000 - 0x00007ffc893f5000 	D:\Java\zulu17.30.15-ca-jdk17.0.1-win_x64\bin\nio.dll
0x00007ffc83f60000 - 0x00007ffc83f78000 	D:\Java\zulu17.30.15-ca-jdk17.0.1-win_x64\bin\zip.dll
0x00007ffc8ae20000 - 0x00007ffc8ae29000 	D:\Java\zulu17.30.15-ca-jdk17.0.1-win_x64\bin\management.dll
0x00007ffc8ad30000 - 0x00007ffc8ad3b000 	D:\Java\zulu17.30.15-ca-jdk17.0.1-win_x64\bin\management_ext.dll
0x00007ffc93560000 - 0x00007ffc93577000 	C:\Windows\system32\napinsp.dll
0x00007ffc91c40000 - 0x00007ffc91c5b000 	C:\Windows\system32\pnrpnsp.dll
0x00007ffc91b90000 - 0x00007ffc91ba5000 	C:\Windows\system32\wshbth.dll
0x00007ffca4dd0000 - 0x00007ffca4ded000 	C:\Windows\system32\NLAapi.dll
0x00007ffca8480000 - 0x00007ffca84bb000 	C:\Windows\SYSTEM32\IPHLPAPI.DLL
0x00007ffca84d0000 - 0x00007ffca859a000 	C:\Windows\SYSTEM32\DNSAPI.dll
0x00007ffca99c0000 - 0x00007ffca99c8000 	C:\Windows\System32\NSI.dll
0x00007ffc91b70000 - 0x00007ffc91b82000 	C:\Windows\System32\winrnr.dll
0x000000006aed0000 - 0x000000006aef6000 	C:\Program Files\Bonjour\mdnsNSP.dll
0x00007ffc9b250000 - 0x00007ffc9b25a000 	C:\Windows\System32\rasadhlp.dll
0x00007ffca0490000 - 0x00007ffca0510000 	C:\Windows\System32\fwpuclnt.dll
0x00007ffca9960000 - 0x00007ffca9987000 	C:\Windows\System32\bcrypt.dll
0x00007ffca8a10000 - 0x00007ffca8a28000 	C:\Windows\SYSTEM32\CRYPTSP.dll
0x00007ffca80e0000 - 0x00007ffca8114000 	C:\Windows\system32\rsaenh.dll
0x00007ffca8f10000 - 0x00007ffca8f3e000 	C:\Windows\SYSTEM32\USERENV.dll
0x00007ffca8a00000 - 0x00007ffca8a0c000 	C:\Windows\SYSTEM32\CRYPTBASE.dll
0x00007ffca2710000 - 0x00007ffca2727000 	C:\Windows\SYSTEM32\dhcpcsvc6.DLL
0x00007ffca3110000 - 0x00007ffca312d000 	C:\Windows\SYSTEM32\dhcpcsvc.DLL
0x00007ffca2170000 - 0x00007ffca2180000 	D:\Java\zulu17.30.15-ca-jdk17.0.1-win_x64\bin\verify.dll
0x00007ffc8ad10000 - 0x00007ffc8ad1e000 	D:\Java\zulu17.30.15-ca-jdk17.0.1-win_x64\bin\sunmscapi.dll
0x00007ffca9210000 - 0x00007ffca9366000 	C:\Windows\System32\CRYPT32.dll
0x00007ffca8b20000 - 0x00007ffca8b47000 	C:\Windows\SYSTEM32\ncrypt.dll
0x00007ffca8ae0000 - 0x00007ffca8b1b000 	C:\Windows\SYSTEM32\NTASN1.dll
0x00007ffc8ad00000 - 0x00007ffc8ad07000 	C:\Windows\system32\wshunix.dll

dbghelp: loaded successfully - version: 4.0.5 - missing functions: none
symbol engine: initialized successfully - sym options: 0x614 - pdb path: .;D:\Java\zulu17.30.15-ca-jdk17.0.1-win_x64\bin;C:\Windows\SYSTEM32;C:\Windows\WinSxS\amd64_microsoft.windows.common-controls_6595b64144ccf1df_6.0.19041.1110_none_60b5254171f9507e;D:\Java\zulu17.30.15-ca-jdk17.0.1-win_x64\bin\server;C:\Program Files\Bonjour

VM Arguments:
jvm_args: -Dcom.sun.management.jmxremote -Dcom.sun.management.jmxremote.port=55220 -Dcom.sun.management.jmxremote.authenticate=false -Dcom.sun.management.jmxremote.ssl=false -Djava.rmi.server.hostname=localhost -Dspring.application.admin.enabled=true -Dspring.jmx.enabled=true -Dspring.boot.project.name=gatewayserver -XX:+ShowCodeDetailsInExceptionMessages 
java_command: com.eazybytes.gatewayserver.GatewayserverApplication
java_class_path (initial): D:\Workspace-W\EazybytesMicroservices\gatewayserver\target\classes;C:\Users\carlo\.m2\repository\org\springframework\boot\spring-boot-starter-actuator\2.6.11\spring-boot-starter-actuator-2.6.11.jar;C:\Users\carlo\.m2\repository\org\springframework\boot\spring-boot-starter\2.6.11\spring-boot-starter-2.6.11.jar;C:\Users\carlo\.m2\repository\org\springframework\boot\spring-boot-starter-logging\2.6.11\spring-boot-starter-logging-2.6.11.jar;C:\Users\carlo\.m2\repository\ch\qos\logback\logback-classic\1.2.11\logback-classic-1.2.11.jar;C:\Users\carlo\.m2\repository\ch\qos\logback\logback-core\1.2.11\logback-core-1.2.11.jar;C:\Users\carlo\.m2\repository\org\apache\logging\log4j\log4j-to-slf4j\2.17.2\log4j-to-slf4j-2.17.2.jar;C:\Users\carlo\.m2\repository\org\apache\logging\log4j\log4j-api\2.17.2\log4j-api-2.17.2.jar;C:\Users\carlo\.m2\repository\org\slf4j\jul-to-slf4j\1.7.36\jul-to-slf4j-1.7.36.jar;C:\Users\carlo\.m2\repository\jakarta\annotation\jakarta.annotation-api\1.3.5\jakarta.annotation-api-1.3.5.jar;C:\Users\carlo\.m2\repository\org\yaml\snakeyaml\1.29\snakeyaml-1.29.jar;C:\Users\carlo\.m2\repository\org\springframework\boot\spring-boot-actuator-autoconfigure\2.6.11\spring-boot-actuator-autoconfigure-2.6.11.jar;C:\Users\carlo\.m2\repository\org\springframework\boot\spring-boot-actuator\2.6.11\spring-boot-actuator-2.6.11.jar;C:\Users\carlo\.m2\repository\com\fasterxml\jackson\datatype\jackson-datatype-jsr310\2.13.3\jackson-datatype-jsr310-2.13.3.jar;C:\Users\carlo\.m2\repository\io\micrometer\micrometer-core\1.8.9\micrometer-core-1.8.9.jar;C:\Users\carlo\.m2\repository\org\hdrhistogram\HdrHistogram\2.1.12\HdrHistogram-2.1.12.jar;C:\Users\carlo\.m2\repository\org\latencyutils\LatencyUtils\2.0.3\LatencyUtils-2.0.3.jar;C:\Users\carlo\.m2\repository\org\springframework\cloud\spring-cloud-starter-config\3.1.3\spring-cloud-starter-config-3.1.3.jar;C:\Users\carlo\.m2\repository\org\springframework\cloud\spring-cloud-starter\3.1.3\spring-cloud-st
Launcher Type: SUN_STANDARD

[Global flags]
     intx CICompilerCount                          = 3                                         {product} {ergonomic}
     uint ConcGCThreads                            = 1                                         {product} {ergonomic}
     uint G1ConcRefinementThreads                  = 4                                         {product} {ergonomic}
   size_t G1HeapRegionSize                         = 1048576                                   {product} {ergonomic}
    uintx GCDrainStackTargetSize                   = 64                                        {product} {ergonomic}
   size_t InitialHeapSize                          = 67108864                                  {product} {ergonomic}
     bool ManagementServer                         = true                                      {product} {command line}
   size_t MarkStackSize                            = 4194304                                   {product} {ergonomic}
   size_t MaxHeapSize                              = 1052770304                                {product} {ergonomic}
   size_t MaxNewSize                               = 631242752                                 {product} {ergonomic}
   size_t MinHeapDeltaBytes                        = 1048576                                   {product} {ergonomic}
   size_t MinHeapSize                              = 8388608                                   {product} {ergonomic}
    uintx NonNMethodCodeHeapSize                   = 5832780                                {pd product} {ergonomic}
    uintx NonProfiledCodeHeapSize                  = 122912730                              {pd product} {ergonomic}
    uintx ProfiledCodeHeapSize                     = 122912730                              {pd product} {ergonomic}
    uintx ReservedCodeCacheSize                    = 251658240                              {pd product} {ergonomic}
     bool SegmentedCodeCache                       = true                                      {product} {ergonomic}
     bool ShowCodeDetailsInExceptionMessages       = true                                   {manageable} {command line}
   size_t SoftMaxHeapSize                          = 1052770304                             {manageable} {ergonomic}
     bool UseCompressedClassPointers               = true                           {product lp64_product} {ergonomic}
     bool UseCompressedOops                        = true                           {product lp64_product} {ergonomic}
     bool UseG1GC                                  = true                                      {product} {ergonomic}
     bool UseLargePagesIndividualAllocation        = false                                  {pd product} {ergonomic}

Logging:
Log output configuration:
 #0: stdout all=warning uptime,level,tags
 #1: stderr all=off uptime,level,tags

Environment Variables:
JAVA_HOME=D:\Java\zulu17.30.15-ca-jdk17.0.1-win_x64
PATH=D:\Java\jdk-11.0.13;C:\Python310\Scripts\;C:\Python310\;C:\Program Files\Common Files\Oracle\Java\javapath;C:\Windows\system32;C:\Windows;C:\Windows\System32\Wbem;C:\Windows\System32\WindowsPowerShell\v1.0\;C:\Windows\System32\OpenSSH\;C:\Program Files\nodejs\;C:\ProgramData\chocolatey\bin;C:\Program Files\Git\cmd;C:\Program Files\MongoDB\Server\4.2\bin;D:\apache-maven-3.8.6\bin;;C:\Program Files\Docker\Docker\resources\bin;C:\ProgramData\DockerDesktop\version-bin;C:\Users\carlo\AppData\Local\Microsoft\WindowsApps;D:\swiprolog\swipl\bin;C:\ProgramData\carlo\GitHubDesktop\bin;C:\Users\carlo\AppData\Local\Programs\Microsoft VS Code\bin;C:\Users\carlo\heroku\bin;C:\Users\carlo\AppData\Roaming\npm;C:\Users\carlo\AppData\Local\GitHubDesktop\bin;D:\IntelliJ IDEA Community Edition 2022.2\bin;C:\Users\carlo\AppData\Local\atom\bin;D:\Google\Cloud SDK\google-cloud-sdk\bin
USERNAME=carlo
LANG=pt_BR.UTF-8
OS=Windows_NT
PROCESSOR_IDENTIFIER=Intel64 Family 6 Model 142 Stepping 9, GenuineIntel



---------------  S Y S T E M  ---------------

OS:
 Windows 10 , 64 bit Build 19041 (10.0.19041.1889)
OS uptime: 7 days 1:28 hours
Hyper-V role detected

CPU: total 4 (initial active 4) (2 cores per cpu, 2 threads per core) family 6 model 142 stepping 9 microcode 0xb4, cx8, cmov, fxsr, ht, mmx, 3dnowpref, sse, sse2, sse3, ssse3, sse4.1, sse4.2, popcnt, lzcnt, tsc, tscinvbit, avx, avx2, aes, erms, clmul, bmi1, bmi2, adx, fma, vzeroupper, clflush, clflushopt, hv

Memory: 4k page, system-wide physical 4009M (198M free)
TotalPageFile size 16297M (AvailPageFile size 2M)
current process WorkingSet (physical memory assigned to process): 69M, peak: 230M
current process commit charge ("private bytes"): 329M, peak: 361M

vm_info: OpenJDK 64-Bit Server VM (17.0.1+12-LTS) for windows-amd64 JRE (17.0.1+12-LTS) (Zulu17.30+15-CA), built on Oct 20 2021 15:39:00 by "zulu_re" with MS VC++ 16.8 (VS2019)

END.
